#
# There is insufficient memory for the Java Runtime Environment to continue.
# Native memory allocation (mmap) failed to map 134217728 bytes for G1 virtual space
# Possible reasons:
#   The system is out of physical RAM or swap space
#   The process is running with CompressedOops enabled, and the Java Heap may be blocking the growth of the native heap
# Possible solutions:
#   Reduce memory load on the system
#   Increase physical memory or swap space
#   Check if swap backing store is full
#   Decrease Java heap size (-Xmx/-Xms)
#   Decrease number of Java threads
#   Decrease Java thread stack sizes (-Xss)
#   Set larger code cache with -XX:ReservedCodeCacheSize=
#   JVM is running with Unscaled Compressed Oops mode in which the Java heap is
#     placed in the first 4GB address space. The Java Heap base address is the
#     maximum limit for the native heap growth. Please use -XX:HeapBaseMinAddress
#     to set the Java Heap base and to place the Java Heap above 4GB virtual address.
# This output file may be truncated or incomplete.
#
#  Out of Memory Error (os_windows.cpp:3536), pid=6064, tid=9788
#
# JRE version:  (19.0.2+7) (build )
# Java VM: Java HotSpot(TM) 64-Bit Server VM (19.0.2+7-44, mixed mode, sharing, tiered, compressed oops, compressed class ptrs, g1 gc, windows-amd64)
# No core dump will be written. Minidumps are not enabled by default on client versions of Windows
#

---------------  S U M M A R Y ------------

Command Line: -Dfile.encoding=utf8 c:\Users\Administrator\.vscode\extensions\vscjava.vscode-gradle-3.13.0\lib\gradle-language-server.jar

Host: Intel(R) Core(TM) i7-7500U CPU @ 2.70GHz, 4 cores, 7G,  Windows 10 , 64 bit Build 19041 (10.0.19041.3570)
Time: Thu Oct 19 21:28:00 2023 Romance Daylight Time elapsed time: 0.061525 seconds (0d 0h 0m 0s)

---------------  T H R E A D  ---------------

Current thread (0x00000216c0c58a80):  JavaThread "Unknown thread" [_thread_in_vm, id=9788, stack(0x0000003b98e00000,0x0000003b98f00000)]

Stack: [0x0000003b98e00000,0x0000003b98f00000]
Native frames: (J=compiled Java code, j=interpreted, Vv=VM code, C=native code)
V  [jvm.dll+0x6ee21a]
V  [jvm.dll+0x85765e]
V  [jvm.dll+0x85904e]
V  [jvm.dll+0x859703]
V  [jvm.dll+0x28298f]
V  [jvm.dll+0x6eb009]
V  [jvm.dll+0x6dfbaa]
V  [jvm.dll+0x3573f6]
V  [jvm.dll+0x35ee56]
V  [jvm.dll+0x3b541e]
V  [jvm.dll+0x3b564f]
V  [jvm.dll+0x32c9ea]
V  [jvm.dll+0x32d89e]
V  [jvm.dll+0x821780]
V  [jvm.dll+0x3c2661]
V  [jvm.dll+0x801f51]
V  [jvm.dll+0x44ae8f]
V  [jvm.dll+0x44c811]
C  [jli.dll+0x5287]
C  [ucrtbase.dll+0x21bb2]
C  [KERNEL32.DLL+0x17344]
C  [ntdll.dll+0x526b1]


---------------  P R O C E S S  ---------------

Threads class SMR info:
_java_thread_list=0x00007ff8fa93d048, length=0, elements={
}

Java Threads: ( => current thread )

Other Threads:
  0x00000216c0cba4f0 WorkerThread "GC Thread#0" [stack: 0x0000003b99000000,0x0000003b99100000] [id=8896]
  0x00000216c0ccb0d0 ConcurrentGCThread "G1 Main Marker" [stack: 0x0000003b99100000,0x0000003b99200000] [id=8224]
  0x00000216c0ccbca0 WorkerThread "G1 Conc#0" [stack: 0x0000003b99200000,0x0000003b99300000] [id=8264]

[error occurred during error reporting (printing all threads), id 0xc0000005, EXCEPTION_ACCESS_VIOLATION (0xc0000005) at pc=0x00007ff8fa0fd427]

VM state: not at safepoint (not fully initialized)

VM Mutex/Monitor currently owned by a thread:  ([mutex/lock_event])
[0x00000216c0c542a0] Heap_lock - owner thread: 0x00000216c0c58a80

Heap address: 0x0000000081c00000, size: 2020 MB, Compressed Oops mode: 32-bit

CDS archive(s) mapped at: [0x0000000000000000-0x0000000000000000-0x0000000000000000), size 0, SharedBaseAddress: 0x0000000800000000, ArchiveRelocationMode: 0.
Narrow klass base: 0x0000000000000000, Narrow klass shift: 0, Narrow klass range: 0x0

GC Precious Log:
 CardTable entry size: 512
 Card Set container configuration: InlinePtr #cards 5 size 8 Array Of Cards #cards 12 size 40 Howl #buckets 4 coarsen threshold 1843 Howl Bitmap #cards 512 size 80 coarsen threshold 460 Card regions per heap region 1 cards per card region 2048

Heap:
 garbage-first heap   total 0K, used 0K [0x0000000081c00000, 0x0000000100000000)
  region size 1024K, 0 young (0K), 0 survivors (0K)

[error occurred during error reporting (printing heap information), id 0xc0000005, EXCEPTION_ACCESS_VIOLATION (0xc0000005) at pc=0x00007ff8fa506649]

GC Heap History (0 events):
No events

Dll operation events (1 events):
Event: 0.008 Loaded shared library C:\Program Files\Java\jdk-19\bin\java.dll

Deoptimization events (0 events):
No events

Classes loaded (0 events):
No events

Classes unloaded (0 events):
No events

Classes redefined (0 events):
No events

Internal exceptions (0 events):
No events

VM Operations (0 events):
No events

Events (0 events):
No events


Dynamic libraries:
0x00007ff779660000 - 0x00007ff779670000 	C:\Program Files\Java\jdk-19\bin\java.exe
0x00007ff94d210000 - 0x00007ff94d407000 	C:\Windows\SYSTEM32\ntdll.dll
0x00007ff94bcd0000 - 0x00007ff94bd8d000 	C:\Windows\System32\KERNEL32.DLL
0x00007ff94abe0000 - 0x00007ff94aed6000 	C:\Windows\System32\KERNELBASE.dll
0x00007ff94a8f0000 - 0x00007ff94a9f0000 	C:\Windows\System32\ucrtbase.dll
0x00007ff93d000000 - 0x00007ff93d018000 	C:\Program Files\Java\jdk-19\bin\jli.dll
0x00007ff94bd90000 - 0x00007ff94be3e000 	C:\Windows\System32\ADVAPI32.dll
0x00007ff94bc30000 - 0x00007ff94bcce000 	C:\Windows\System32\msvcrt.dll
0x00007ff94c8b0000 - 0x00007ff94c94c000 	C:\Windows\System32\sechost.dll
0x00007ff94c950000 - 0x00007ff94ca76000 	C:\Windows\System32\RPCRT4.dll
0x00007ff94b580000 - 0x00007ff94b71e000 	C:\Windows\System32\USER32.dll
0x00007ff94b240000 - 0x00007ff94b262000 	C:\Windows\System32\win32u.dll
0x00007ff94b4f0000 - 0x00007ff94b51c000 	C:\Windows\System32\GDI32.dll
0x00007ff94af10000 - 0x00007ff94b02a000 	C:\Windows\System32\gdi32full.dll
0x00007ff94b030000 - 0x00007ff94b0cd000 	C:\Windows\System32\msvcp_win.dll
0x00007ff938e40000 - 0x00007ff938e5b000 	C:\Program Files\Java\jdk-19\bin\VCRUNTIME140.dll
0x00007ff93d7c0000 - 0x00007ff93da5a000 	C:\Windows\WinSxS\amd64_microsoft.windows.common-controls_6595b64144ccf1df_6.0.19041.3570_none_60bb2a3971f3e41a\COMCTL32.dll
0x00007ff946310000 - 0x00007ff94631a000 	C:\Windows\SYSTEM32\VERSION.dll
0x00007ff94c6c0000 - 0x00007ff94c6f0000 	C:\Windows\System32\IMM32.DLL
0x00007ff93fb90000 - 0x00007ff93fb9c000 	C:\Program Files\Java\jdk-19\bin\vcruntime140_1.dll
0x00007ff8fb810000 - 0x00007ff8fb89e000 	C:\Program Files\Java\jdk-19\bin\msvcp140.dll
0x00007ff8f9dc0000 - 0x00007ff8faa80000 	C:\Program Files\Java\jdk-19\bin\server\jvm.dll
0x00007ff9442d0000 - 0x00007ff9442d9000 	C:\Windows\SYSTEM32\WSOCK32.dll
0x00007ff94ca80000 - 0x00007ff94caeb000 	C:\Windows\System32\WS2_32.dll
0x00007ff93d050000 - 0x00007ff93d077000 	C:\Windows\SYSTEM32\WINMM.dll
0x00007ff948790000 - 0x00007ff9487a2000 	C:\Windows\SYSTEM32\kernel.appcore.dll
0x00007ff93f0e0000 - 0x00007ff93f0ea000 	C:\Program Files\Java\jdk-19\bin\jimage.dll
0x00007ff944800000 - 0x00007ff9449e4000 	C:\Windows\SYSTEM32\DBGHELP.DLL
0x00007ff942c90000 - 0x00007ff942cc4000 	C:\Windows\SYSTEM32\dbgcore.DLL
0x00007ff94ab50000 - 0x00007ff94abd2000 	C:\Windows\System32\bcryptPrimitives.dll
0x00007ff929f70000 - 0x00007ff929f96000 	C:\Program Files\Java\jdk-19\bin\java.dll

dbghelp: loaded successfully - version: 4.0.5 - missing functions: none
symbol engine: initialized successfully - sym options: 0x614 - pdb path: .;C:\Program Files\Java\jdk-19\bin;C:\Windows\SYSTEM32;C:\Windows\WinSxS\amd64_microsoft.windows.common-controls_6595b64144ccf1df_6.0.19041.3570_none_60bb2a3971f3e41a;C:\Program Files\Java\jdk-19\bin\server

VM Arguments:
jvm_args: -Dfile.encoding=utf8 
java_command: c:\Users\Administrator\.vscode\extensions\vscjava.vscode-gradle-3.13.0\lib\gradle-language-server.jar
java_class_path (initial): c:\Users\Administrator\.vscode\extensions\vscjava.vscode-gradle-3.13.0\lib\gradle-language-server.jar
Launcher Type: SUN_STANDARD

[Global flags]
     intx CICompilerCount                          = 3                                         {product} {ergonomic}
     uint ConcGCThreads                            = 1                                         {product} {ergonomic}
     uint G1ConcRefinementThreads                  = 4                                         {product} {ergonomic}
   size_t G1HeapRegionSize                         = 1048576                                   {product} {ergonomic}
    uintx GCDrainStackTargetSize                   = 64                                        {product} {ergonomic}
   size_t InitialHeapSize                          = 134217728                                 {product} {ergonomic}
   size_t MarkStackSize                            = 4194304                                   {product} {ergonomic}
   size_t MaxHeapSize                              = 2118123520                                {product} {ergonomic}
   size_t MinHeapDeltaBytes                        = 1048576                                   {product} {ergonomic}
   size_t MinHeapSize                              = 8388608                                   {product} {ergonomic}
    uintx NonNMethodCodeHeapSize                   = 5832780                                {pd product} {ergonomic}
    uintx NonProfiledCodeHeapSize                  = 122912730                              {pd product} {ergonomic}
    uintx ProfiledCodeHeapSize                     = 122912730                              {pd product} {ergonomic}
    uintx ReservedCodeCacheSize                    = 251658240                              {pd product} {ergonomic}
     bool SegmentedCodeCache                       = true                                      {product} {ergonomic}
   size_t SoftMaxHeapSize                          = 2118123520                             {manageable} {ergonomic}
     bool UseCompressedClassPointers               = true                           {product lp64_product} {ergonomic}
     bool UseCompressedOops                        = true                           {product lp64_product} {ergonomic}
     bool UseG1GC                                  = true                                      {product} {ergonomic}
     bool UseLargePagesIndividualAllocation        = false                                  {pd product} {ergonomic}

Logging:
Log output configuration:
 #0: stdout all=warning uptime,level,tags foldmultilines=false
 #1: stderr all=off uptime,level,tags foldmultilines=false

Environment Variables:
JAVA_HOME=C:\Program Files\Java\jdk-19
PATH=C:\Program Files (x86)\NVIDIA Corporation\PhysX\Common;C:\Program Files\Common Files\Oracle\Java\javapath;C:\Program Files (x86)\Common Files\Oracle\Java\javapath;C:\Windows\system32;C:\Windows;C:\Windows\System32\Wbem;C:\Windows\System32\WindowsPowerShell\v1.0\;C:\Windows\System32\OpenSSH\;C:\Program Files\Java\jdk-19\bin\;C:\Program Files\dotnet\;C:\Program Files\CMake\bin;C:\Program Files\Git\cmd;C:\Program Files\Gradle\gradle-8.3\bin;C:\Users\Administrator\AppData\Local\Microsoft\WindowsApps;C:\Users\Administrator\AppData\Local\Programs\Microsoft VS Code\bin;C:\Program Files\Gradle\gradle-8.3\bin;
USERNAME=Yacine
OS=Windows_NT
PROCESSOR_IDENTIFIER=Intel64 Family 6 Model 142 Stepping 9, GenuineIntel
TMP=C:\Users\ADMINI~1\AppData\Local\Temp
TEMP=C:\Users\ADMINI~1\AppData\Local\Temp



---------------  S Y S T E M  ---------------

OS:
 Windows 10 , 64 bit Build 19041 (10.0.19041.3570)
OS uptime: 0 days 3:35 hours

CPU: total 4 (initial active 4) (2 cores per cpu, 2 threads per core) family 6 model 142 stepping 9 microcode 0xb4, cx8, cmov, fxsr, ht, mmx, 3dnowpref, sse, sse2, sse3, ssse3, sse4.1, sse4.2, popcnt, lzcnt, tsc, tscinvbit, avx, avx2, aes, erms, clmul, bmi1, bmi2, adx, fma, vzeroupper, clflush, clflushopt, rdtscp

Memory: 4k page, system-wide physical 8073M (1799M free)
TotalPageFile size 8073M (AvailPageFile size 56M)
current process WorkingSet (physical memory assigned to process): 10M, peak: 10M
current process commit charge ("private bytes"): 52M, peak: 179M

vm_info: Java HotSpot(TM) 64-Bit Server VM (19.0.2+7-44) for windows-amd64 JRE (19.0.2+7-44), built on 2022-11-30T18:02:09Z by "mach5one" with MS VC++ 17.1 (VS2022)

END.
