#
# There is insufficient memory for the Java Runtime Environment to continue.
# Native memory allocation (mmap) failed to map 65536 bytes for Failed to commit metaspace.
# Possible reasons:
#   The system is out of physical RAM or swap space
#   The process is running with CompressedOops enabled, and the Java Heap may be blocking the growth of the native heap
# Possible solutions:
#   Reduce memory load on the system
#   Increase physical memory or swap space
#   Check if swap backing store is full
#   Decrease Java heap size (-Xmx/-Xms)
#   Decrease number of Java threads
#   Decrease Java thread stack sizes (-Xss)
#   Set larger code cache with -XX:ReservedCodeCacheSize=
#   JVM is running with Unscaled Compressed Oops mode in which the Java heap is
#     placed in the first 4GB address space. The Java Heap base address is the
#     maximum limit for the native heap growth. Please use -XX:HeapBaseMinAddress
#     to set the Java Heap base and to place the Java Heap above 4GB virtual address.
# This output file may be truncated or incomplete.
#
#  Out of Memory Error (virtualSpaceNode.cpp:110), pid=8268, tid=9540
#
# JRE version: Java(TM) SE Runtime Environment (19.0.2+7) (build 19.0.2+7-44)
# Java VM: Java HotSpot(TM) 64-Bit Server VM (19.0.2+7-44, mixed mode, sharing, tiered, compressed oops, compressed class ptrs, g1 gc, windows-amd64)
# No core dump will be written. Minidumps are not enabled by default on client versions of Windows
#

---------------  S U M M A R Y ------------

Command Line: -Dfile.encoding=utf8 c:\Users\Administrator\.vscode\extensions\vscjava.vscode-gradle-3.13.0\lib\gradle-language-server.jar

Host: Intel(R) Core(TM) i7-7500U CPU @ 2.70GHz, 4 cores, 7G,  Windows 10 , 64 bit Build 19041 (10.0.19041.3570)
Time: Thu Oct 19 21:27:59 2023 Romance Daylight Time elapsed time: 0.565880 seconds (0d 0h 0m 0s)

---------------  T H R E A D  ---------------

Current thread (0x000001ceaeb18a80):  JavaThread "main" [_thread_in_vm, id=9540, stack(0x0000002e5a900000,0x0000002e5aa00000)]

Stack: [0x0000002e5a900000,0x0000002e5aa00000]
Native frames: (J=compiled Java code, j=interpreted, Vv=VM code, C=native code)
V  [jvm.dll+0x6ee21a]
V  [jvm.dll+0x85765e]
V  [jvm.dll+0x85904e]
V  [jvm.dll+0x859703]
V  [jvm.dll+0x28298f]
V  [jvm.dll+0x8532db]
V  [jvm.dll+0x692cb6]
V  [jvm.dll+0x692d1a]
V  [jvm.dll+0x695613]
V  [jvm.dll+0x6954de]
V  [jvm.dll+0x6936de]
V  [jvm.dll+0x6a4c39]
V  [jvm.dll+0x69dfb4]
V  [jvm.dll+0x3daab1]
C  0x000001cebdfde8ab

Java frames: (J=compiled Java code, j=interpreted, Vv=VM code)
j  sun.launcher.LauncherHelper.validateMainClass(Ljava/lang/Class;)V+0 java.base@19.0.2
j  sun.launcher.LauncherHelper.checkAndLoadMain(ZILjava/lang/String;)Ljava/lang/Class;+80 java.base@19.0.2
v  ~StubRoutines::call_stub 0x000001cebdfc100e

---------------  P R O C E S S  ---------------

Threads class SMR info:
_java_thread_list=0x000001ced0ca0d80, length=12, elements={
0x000001ceaeb18a80, 0x000001cecca60660, 0x000001cecca61450, 0x000001cecca64150,
0x000001cecca65a90, 0x000001cecca663c0, 0x000001cecca66cf0, 0x000001cecca67950,
0x000001cecca6acf0, 0x000001cecca6ef60, 0x000001ced0cbab40, 0x000001ced0cc1500
}

Java Threads: ( => current thread )
=>0x000001ceaeb18a80 JavaThread "main" [_thread_in_vm, id=9540, stack(0x0000002e5a900000,0x0000002e5aa00000)]
  0x000001cecca60660 JavaThread "Reference Handler" daemon [_thread_blocked, id=10192, stack(0x0000002e5b000000,0x0000002e5b100000)]
  0x000001cecca61450 JavaThread "Finalizer" daemon [_thread_blocked, id=8392, stack(0x0000002e5b100000,0x0000002e5b200000)]
  0x000001cecca64150 JavaThread "Signal Dispatcher" daemon [_thread_blocked, id=8664, stack(0x0000002e5b200000,0x0000002e5b300000)]
  0x000001cecca65a90 JavaThread "Attach Listener" daemon [_thread_blocked, id=7912, stack(0x0000002e5b300000,0x0000002e5b400000)]
  0x000001cecca663c0 JavaThread "Service Thread" daemon [_thread_blocked, id=8388, stack(0x0000002e5b400000,0x0000002e5b500000)]
  0x000001cecca66cf0 JavaThread "Monitor Deflation Thread" daemon [_thread_blocked, id=32, stack(0x0000002e5b500000,0x0000002e5b600000)]
  0x000001cecca67950 JavaThread "C2 CompilerThread0" daemon [_thread_blocked, id=5812, stack(0x0000002e5b600000,0x0000002e5b700000)]
  0x000001cecca6acf0 JavaThread "C1 CompilerThread0" daemon [_thread_blocked, id=1440, stack(0x0000002e5b700000,0x0000002e5b800000)]
  0x000001cecca6ef60 JavaThread "Sweeper thread" daemon [_thread_blocked, id=7400, stack(0x0000002e5b800000,0x0000002e5b900000)]
  0x000001ced0cbab40 JavaThread "Notification Thread" daemon [_thread_blocked, id=9968, stack(0x0000002e5b900000,0x0000002e5ba00000)]
  0x000001ced0cc1500 JavaThread "Common-Cleaner" daemon [_thread_blocked, id=8320, stack(0x0000002e5bb00000,0x0000002e5bc00000)]

Other Threads:
  0x000001cecca450f0 VMThread "VM Thread" [stack: 0x0000002e5af00000,0x0000002e5b000000] [id=10308]
  0x000001ced0cc10a0 WatcherThread "VM Periodic Task Thread" [stack: 0x0000002e5ba00000,0x0000002e5bb00000] [id=7408]
  0x000001ceaeb7a4f0 WorkerThread "GC Thread#0" [stack: 0x0000002e5aa00000,0x0000002e5ab00000] [id=2024]
  0x000001ceaeb8b0d0 ConcurrentGCThread "G1 Main Marker" [stack: 0x0000002e5ab00000,0x0000002e5ac00000] [id=7184]
  0x000001ceaeb8bb00 WorkerThread "G1 Conc#0" [stack: 0x0000002e5ac00000,0x0000002e5ad00000] [id=6892]
  0x000001cecc9010b0 ConcurrentGCThread "G1 Refine#0" [stack: 0x0000002e5ad00000,0x0000002e5ae00000] [id=8884]
  0x000001cecc901bf0 ConcurrentGCThread "G1 Service" [stack: 0x0000002e5ae00000,0x0000002e5af00000] [id=9128]

Threads with active compile tasks:

VM state: not at safepoint (normal execution)

VM Mutex/Monitor currently owned by a thread:  ([mutex/lock_event])
[0x000001ceaeb12710] Metaspace_lock - owner thread: 0x000001ceaeb18a80

Heap address: 0x0000000081c00000, size: 2020 MB, Compressed Oops mode: 32-bit

CDS archive(s) mapped at: [0x0000000800000000-0x0000000800c40000-0x0000000800c40000), size 12845056, SharedBaseAddress: 0x0000000800000000, ArchiveRelocationMode: 0.
Compressed class space mapped at: 0x0000000801000000-0x0000000841000000, reserved size: 1073741824
Narrow klass base: 0x0000000800000000, Narrow klass shift: 0, Narrow klass range: 0x100000000

GC Precious Log:
 CardTable entry size: 512
 Card Set container configuration: InlinePtr #cards 5 size 8 Array Of Cards #cards 12 size 40 Howl #buckets 4 coarsen threshold 1843 Howl Bitmap #cards 512 size 80 coarsen threshold 460 Card regions per heap region 1 cards per card region 2048
 CPUs: 4 total, 4 available
 Memory: 8073M
 Large Page Support: Disabled
 NUMA Support: Disabled
 Compressed Oops: Enabled (32-bit)
 Heap Region Size: 1M
 Heap Min Capacity: 8M
 Heap Initial Capacity: 128M
 Heap Max Capacity: 2020M
 Pre-touch: Disabled
 Parallel Workers: 4
 Concurrent Workers: 1
 Concurrent Refinement Workers: 4
 Periodic GC: Disabled

Heap:
 garbage-first heap   total 131072K, used 5120K [0x0000000081c00000, 0x0000000100000000)
  region size 1024K, 6 young (6144K), 0 survivors (0K)
 Metaspace       used 2341K, committed 2496K, reserved 1114112K
  class space    used 214K, committed 320K, reserved 1048576K

Heap Regions: E=young(eden), S=young(survivor), O=old, HS=humongous(starts), HC=humongous(continues), CS=collection set, F=free, OA=open archive, CA=closed archive, TAMS=top-at-mark-start (previous, next)
|   0|0x0000000081c00000, 0x0000000081c00000, 0x0000000081d00000|  0%| F|  |TAMS 0x0000000081c00000, 0x0000000081c00000| Untracked 
|   1|0x0000000081d00000, 0x0000000081d00000, 0x0000000081e00000|  0%| F|  |TAMS 0x0000000081d00000, 0x0000000081d00000| Untracked 
|   2|0x0000000081e00000, 0x0000000081e00000, 0x0000000081f00000|  0%| F|  |TAMS 0x0000000081e00000, 0x0000000081e00000| Untracked 
|   3|0x0000000081f00000, 0x0000000081f00000, 0x0000000082000000|  0%| F|  |TAMS 0x0000000081f00000, 0x0000000081f00000| Untracked 
|   4|0x0000000082000000, 0x0000000082000000, 0x0000000082100000|  0%| F|  |TAMS 0x0000000082000000, 0x0000000082000000| Untracked 
|   5|0x0000000082100000, 0x0000000082100000, 0x0000000082200000|  0%| F|  |TAMS 0x0000000082100000, 0x0000000082100000| Untracked 
|   6|0x0000000082200000, 0x0000000082200000, 0x0000000082300000|  0%| F|  |TAMS 0x0000000082200000, 0x0000000082200000| Untracked 
|   7|0x0000000082300000, 0x0000000082300000, 0x0000000082400000|  0%| F|  |TAMS 0x0000000082300000, 0x0000000082300000| Untracked 
|   8|0x0000000082400000, 0x0000000082400000, 0x0000000082500000|  0%| F|  |TAMS 0x0000000082400000, 0x0000000082400000| Untracked 
|   9|0x0000000082500000, 0x0000000082500000, 0x0000000082600000|  0%| F|  |TAMS 0x0000000082500000, 0x0000000082500000| Untracked 
|  10|0x0000000082600000, 0x0000000082600000, 0x0000000082700000|  0%| F|  |TAMS 0x0000000082600000, 0x0000000082600000| Untracked 
|  11|0x0000000082700000, 0x0000000082700000, 0x0000000082800000|  0%| F|  |TAMS 0x0000000082700000, 0x0000000082700000| Untracked 
|  12|0x0000000082800000, 0x0000000082800000, 0x0000000082900000|  0%| F|  |TAMS 0x0000000082800000, 0x0000000082800000| Untracked 
|  13|0x0000000082900000, 0x0000000082900000, 0x0000000082a00000|  0%| F|  |TAMS 0x0000000082900000, 0x0000000082900000| Untracked 
|  14|0x0000000082a00000, 0x0000000082a00000, 0x0000000082b00000|  0%| F|  |TAMS 0x0000000082a00000, 0x0000000082a00000| Untracked 
|  15|0x0000000082b00000, 0x0000000082b00000, 0x0000000082c00000|  0%| F|  |TAMS 0x0000000082b00000, 0x0000000082b00000| Untracked 
|  16|0x0000000082c00000, 0x0000000082c00000, 0x0000000082d00000|  0%| F|  |TAMS 0x0000000082c00000, 0x0000000082c00000| Untracked 
|  17|0x0000000082d00000, 0x0000000082d00000, 0x0000000082e00000|  0%| F|  |TAMS 0x0000000082d00000, 0x0000000082d00000| Untracked 
|  18|0x0000000082e00000, 0x0000000082e00000, 0x0000000082f00000|  0%| F|  |TAMS 0x0000000082e00000, 0x0000000082e00000| Untracked 
|  19|0x0000000082f00000, 0x0000000082f00000, 0x0000000083000000|  0%| F|  |TAMS 0x0000000082f00000, 0x0000000082f00000| Untracked 
|  20|0x0000000083000000, 0x0000000083000000, 0x0000000083100000|  0%| F|  |TAMS 0x0000000083000000, 0x0000000083000000| Untracked 
|  21|0x0000000083100000, 0x0000000083100000, 0x0000000083200000|  0%| F|  |TAMS 0x0000000083100000, 0x0000000083100000| Untracked 
|  22|0x0000000083200000, 0x0000000083200000, 0x0000000083300000|  0%| F|  |TAMS 0x0000000083200000, 0x0000000083200000| Untracked 
|  23|0x0000000083300000, 0x0000000083300000, 0x0000000083400000|  0%| F|  |TAMS 0x0000000083300000, 0x0000000083300000| Untracked 
|  24|0x0000000083400000, 0x0000000083400000, 0x0000000083500000|  0%| F|  |TAMS 0x0000000083400000, 0x0000000083400000| Untracked 
|  25|0x0000000083500000, 0x0000000083500000, 0x0000000083600000|  0%| F|  |TAMS 0x0000000083500000, 0x0000000083500000| Untracked 
|  26|0x0000000083600000, 0x0000000083600000, 0x0000000083700000|  0%| F|  |TAMS 0x0000000083600000, 0x0000000083600000| Untracked 
|  27|0x0000000083700000, 0x0000000083700000, 0x0000000083800000|  0%| F|  |TAMS 0x0000000083700000, 0x0000000083700000| Untracked 
|  28|0x0000000083800000, 0x0000000083800000, 0x0000000083900000|  0%| F|  |TAMS 0x0000000083800000, 0x0000000083800000| Untracked 
|  29|0x0000000083900000, 0x0000000083900000, 0x0000000083a00000|  0%| F|  |TAMS 0x0000000083900000, 0x0000000083900000| Untracked 
|  30|0x0000000083a00000, 0x0000000083a00000, 0x0000000083b00000|  0%| F|  |TAMS 0x0000000083a00000, 0x0000000083a00000| Untracked 
|  31|0x0000000083b00000, 0x0000000083b00000, 0x0000000083c00000|  0%| F|  |TAMS 0x0000000083b00000, 0x0000000083b00000| Untracked 
|  32|0x0000000083c00000, 0x0000000083c00000, 0x0000000083d00000|  0%| F|  |TAMS 0x0000000083c00000, 0x0000000083c00000| Untracked 
|  33|0x0000000083d00000, 0x0000000083d00000, 0x0000000083e00000|  0%| F|  |TAMS 0x0000000083d00000, 0x0000000083d00000| Untracked 
|  34|0x0000000083e00000, 0x0000000083e00000, 0x0000000083f00000|  0%| F|  |TAMS 0x0000000083e00000, 0x0000000083e00000| Untracked 
|  35|0x0000000083f00000, 0x0000000083f00000, 0x0000000084000000|  0%| F|  |TAMS 0x0000000083f00000, 0x0000000083f00000| Untracked 
|  36|0x0000000084000000, 0x0000000084000000, 0x0000000084100000|  0%| F|  |TAMS 0x0000000084000000, 0x0000000084000000| Untracked 
|  37|0x0000000084100000, 0x0000000084100000, 0x0000000084200000|  0%| F|  |TAMS 0x0000000084100000, 0x0000000084100000| Untracked 
|  38|0x0000000084200000, 0x0000000084200000, 0x0000000084300000|  0%| F|  |TAMS 0x0000000084200000, 0x0000000084200000| Untracked 
|  39|0x0000000084300000, 0x0000000084300000, 0x0000000084400000|  0%| F|  |TAMS 0x0000000084300000, 0x0000000084300000| Untracked 
|  40|0x0000000084400000, 0x0000000084400000, 0x0000000084500000|  0%| F|  |TAMS 0x0000000084400000, 0x0000000084400000| Untracked 
|  41|0x0000000084500000, 0x0000000084500000, 0x0000000084600000|  0%| F|  |TAMS 0x0000000084500000, 0x0000000084500000| Untracked 
|  42|0x0000000084600000, 0x0000000084600000, 0x0000000084700000|  0%| F|  |TAMS 0x0000000084600000, 0x0000000084600000| Untracked 
|  43|0x0000000084700000, 0x0000000084700000, 0x0000000084800000|  0%| F|  |TAMS 0x0000000084700000, 0x0000000084700000| Untracked 
|  44|0x0000000084800000, 0x0000000084800000, 0x0000000084900000|  0%| F|  |TAMS 0x0000000084800000, 0x0000000084800000| Untracked 
|  45|0x0000000084900000, 0x0000000084900000, 0x0000000084a00000|  0%| F|  |TAMS 0x0000000084900000, 0x0000000084900000| Untracked 
|  46|0x0000000084a00000, 0x0000000084a00000, 0x0000000084b00000|  0%| F|  |TAMS 0x0000000084a00000, 0x0000000084a00000| Untracked 
|  47|0x0000000084b00000, 0x0000000084b00000, 0x0000000084c00000|  0%| F|  |TAMS 0x0000000084b00000, 0x0000000084b00000| Untracked 
|  48|0x0000000084c00000, 0x0000000084c00000, 0x0000000084d00000|  0%| F|  |TAMS 0x0000000084c00000, 0x0000000084c00000| Untracked 
|  49|0x0000000084d00000, 0x0000000084d00000, 0x0000000084e00000|  0%| F|  |TAMS 0x0000000084d00000, 0x0000000084d00000| Untracked 
|  50|0x0000000084e00000, 0x0000000084e00000, 0x0000000084f00000|  0%| F|  |TAMS 0x0000000084e00000, 0x0000000084e00000| Untracked 
|  51|0x0000000084f00000, 0x0000000084f00000, 0x0000000085000000|  0%| F|  |TAMS 0x0000000084f00000, 0x0000000084f00000| Untracked 
|  52|0x0000000085000000, 0x0000000085000000, 0x0000000085100000|  0%| F|  |TAMS 0x0000000085000000, 0x0000000085000000| Untracked 
|  53|0x0000000085100000, 0x0000000085100000, 0x0000000085200000|  0%| F|  |TAMS 0x0000000085100000, 0x0000000085100000| Untracked 
|  54|0x0000000085200000, 0x0000000085200000, 0x0000000085300000|  0%| F|  |TAMS 0x0000000085200000, 0x0000000085200000| Untracked 
|  55|0x0000000085300000, 0x0000000085300000, 0x0000000085400000|  0%| F|  |TAMS 0x0000000085300000, 0x0000000085300000| Untracked 
|  56|0x0000000085400000, 0x0000000085400000, 0x0000000085500000|  0%| F|  |TAMS 0x0000000085400000, 0x0000000085400000| Untracked 
|  57|0x0000000085500000, 0x0000000085500000, 0x0000000085600000|  0%| F|  |TAMS 0x0000000085500000, 0x0000000085500000| Untracked 
|  58|0x0000000085600000, 0x0000000085600000, 0x0000000085700000|  0%| F|  |TAMS 0x0000000085600000, 0x0000000085600000| Untracked 
|  59|0x0000000085700000, 0x0000000085700000, 0x0000000085800000|  0%| F|  |TAMS 0x0000000085700000, 0x0000000085700000| Untracked 
|  60|0x0000000085800000, 0x0000000085800000, 0x0000000085900000|  0%| F|  |TAMS 0x0000000085800000, 0x0000000085800000| Untracked 
|  61|0x0000000085900000, 0x0000000085900000, 0x0000000085a00000|  0%| F|  |TAMS 0x0000000085900000, 0x0000000085900000| Untracked 
|  62|0x0000000085a00000, 0x0000000085a00000, 0x0000000085b00000|  0%| F|  |TAMS 0x0000000085a00000, 0x0000000085a00000| Untracked 
|  63|0x0000000085b00000, 0x0000000085b00000, 0x0000000085c00000|  0%| F|  |TAMS 0x0000000085b00000, 0x0000000085b00000| Untracked 
|  64|0x0000000085c00000, 0x0000000085c00000, 0x0000000085d00000|  0%| F|  |TAMS 0x0000000085c00000, 0x0000000085c00000| Untracked 
|  65|0x0000000085d00000, 0x0000000085d00000, 0x0000000085e00000|  0%| F|  |TAMS 0x0000000085d00000, 0x0000000085d00000| Untracked 
|  66|0x0000000085e00000, 0x0000000085e00000, 0x0000000085f00000|  0%| F|  |TAMS 0x0000000085e00000, 0x0000000085e00000| Untracked 
|  67|0x0000000085f00000, 0x0000000085f00000, 0x0000000086000000|  0%| F|  |TAMS 0x0000000085f00000, 0x0000000085f00000| Untracked 
|  68|0x0000000086000000, 0x0000000086000000, 0x0000000086100000|  0%| F|  |TAMS 0x0000000086000000, 0x0000000086000000| Untracked 
|  69|0x0000000086100000, 0x0000000086100000, 0x0000000086200000|  0%| F|  |TAMS 0x0000000086100000, 0x0000000086100000| Untracked 
|  70|0x0000000086200000, 0x0000000086200000, 0x0000000086300000|  0%| F|  |TAMS 0x0000000086200000, 0x0000000086200000| Untracked 
|  71|0x0000000086300000, 0x0000000086300000, 0x0000000086400000|  0%| F|  |TAMS 0x0000000086300000, 0x0000000086300000| Untracked 
|  72|0x0000000086400000, 0x0000000086400000, 0x0000000086500000|  0%| F|  |TAMS 0x0000000086400000, 0x0000000086400000| Untracked 
|  73|0x0000000086500000, 0x0000000086500000, 0x0000000086600000|  0%| F|  |TAMS 0x0000000086500000, 0x0000000086500000| Untracked 
|  74|0x0000000086600000, 0x0000000086600000, 0x0000000086700000|  0%| F|  |TAMS 0x0000000086600000, 0x0000000086600000| Untracked 
|  75|0x0000000086700000, 0x0000000086700000, 0x0000000086800000|  0%| F|  |TAMS 0x0000000086700000, 0x0000000086700000| Untracked 
|  76|0x0000000086800000, 0x0000000086800000, 0x0000000086900000|  0%| F|  |TAMS 0x0000000086800000, 0x0000000086800000| Untracked 
|  77|0x0000000086900000, 0x0000000086900000, 0x0000000086a00000|  0%| F|  |TAMS 0x0000000086900000, 0x0000000086900000| Untracked 
|  78|0x0000000086a00000, 0x0000000086a00000, 0x0000000086b00000|  0%| F|  |TAMS 0x0000000086a00000, 0x0000000086a00000| Untracked 
|  79|0x0000000086b00000, 0x0000000086b00000, 0x0000000086c00000|  0%| F|  |TAMS 0x0000000086b00000, 0x0000000086b00000| Untracked 
|  80|0x0000000086c00000, 0x0000000086c00000, 0x0000000086d00000|  0%| F|  |TAMS 0x0000000086c00000, 0x0000000086c00000| Untracked 
|  81|0x0000000086d00000, 0x0000000086d00000, 0x0000000086e00000|  0%| F|  |TAMS 0x0000000086d00000, 0x0000000086d00000| Untracked 
|  82|0x0000000086e00000, 0x0000000086e00000, 0x0000000086f00000|  0%| F|  |TAMS 0x0000000086e00000, 0x0000000086e00000| Untracked 
|  83|0x0000000086f00000, 0x0000000086f00000, 0x0000000087000000|  0%| F|  |TAMS 0x0000000086f00000, 0x0000000086f00000| Untracked 
|  84|0x0000000087000000, 0x0000000087000000, 0x0000000087100000|  0%| F|  |TAMS 0x0000000087000000, 0x0000000087000000| Untracked 
|  85|0x0000000087100000, 0x0000000087100000, 0x0000000087200000|  0%| F|  |TAMS 0x0000000087100000, 0x0000000087100000| Untracked 
|  86|0x0000000087200000, 0x0000000087200000, 0x0000000087300000|  0%| F|  |TAMS 0x0000000087200000, 0x0000000087200000| Untracked 
|  87|0x0000000087300000, 0x0000000087300000, 0x0000000087400000|  0%| F|  |TAMS 0x0000000087300000, 0x0000000087300000| Untracked 
|  88|0x0000000087400000, 0x0000000087400000, 0x0000000087500000|  0%| F|  |TAMS 0x0000000087400000, 0x0000000087400000| Untracked 
|  89|0x0000000087500000, 0x0000000087500000, 0x0000000087600000|  0%| F|  |TAMS 0x0000000087500000, 0x0000000087500000| Untracked 
|  90|0x0000000087600000, 0x0000000087600000, 0x0000000087700000|  0%| F|  |TAMS 0x0000000087600000, 0x0000000087600000| Untracked 
|  91|0x0000000087700000, 0x0000000087700000, 0x0000000087800000|  0%| F|  |TAMS 0x0000000087700000, 0x0000000087700000| Untracked 
|  92|0x0000000087800000, 0x0000000087800000, 0x0000000087900000|  0%| F|  |TAMS 0x0000000087800000, 0x0000000087800000| Untracked 
|  93|0x0000000087900000, 0x0000000087900000, 0x0000000087a00000|  0%| F|  |TAMS 0x0000000087900000, 0x0000000087900000| Untracked 
|  94|0x0000000087a00000, 0x0000000087a00000, 0x0000000087b00000|  0%| F|  |TAMS 0x0000000087a00000, 0x0000000087a00000| Untracked 
|  95|0x0000000087b00000, 0x0000000087b00000, 0x0000000087c00000|  0%| F|  |TAMS 0x0000000087b00000, 0x0000000087b00000| Untracked 
|  96|0x0000000087c00000, 0x0000000087c00000, 0x0000000087d00000|  0%| F|  |TAMS 0x0000000087c00000, 0x0000000087c00000| Untracked 
|  97|0x0000000087d00000, 0x0000000087d00000, 0x0000000087e00000|  0%| F|  |TAMS 0x0000000087d00000, 0x0000000087d00000| Untracked 
|  98|0x0000000087e00000, 0x0000000087e00000, 0x0000000087f00000|  0%| F|  |TAMS 0x0000000087e00000, 0x0000000087e00000| Untracked 
|  99|0x0000000087f00000, 0x0000000087f00000, 0x0000000088000000|  0%| F|  |TAMS 0x0000000087f00000, 0x0000000087f00000| Untracked 
| 100|0x0000000088000000, 0x0000000088000000, 0x0000000088100000|  0%| F|  |TAMS 0x0000000088000000, 0x0000000088000000| Untracked 
| 101|0x0000000088100000, 0x0000000088100000, 0x0000000088200000|  0%| F|  |TAMS 0x0000000088100000, 0x0000000088100000| Untracked 
| 102|0x0000000088200000, 0x0000000088200000, 0x0000000088300000|  0%| F|  |TAMS 0x0000000088200000, 0x0000000088200000| Untracked 
| 103|0x0000000088300000, 0x0000000088300000, 0x0000000088400000|  0%| F|  |TAMS 0x0000000088300000, 0x0000000088300000| Untracked 
| 104|0x0000000088400000, 0x0000000088400000, 0x0000000088500000|  0%| F|  |TAMS 0x0000000088400000, 0x0000000088400000| Untracked 
| 105|0x0000000088500000, 0x0000000088500000, 0x0000000088600000|  0%| F|  |TAMS 0x0000000088500000, 0x0000000088500000| Untracked 
| 106|0x0000000088600000, 0x0000000088600000, 0x0000000088700000|  0%| F|  |TAMS 0x0000000088600000, 0x0000000088600000| Untracked 
| 107|0x0000000088700000, 0x0000000088700000, 0x0000000088800000|  0%| F|  |TAMS 0x0000000088700000, 0x0000000088700000| Untracked 
| 108|0x0000000088800000, 0x0000000088800000, 0x0000000088900000|  0%| F|  |TAMS 0x0000000088800000, 0x0000000088800000| Untracked 
| 109|0x0000000088900000, 0x0000000088900000, 0x0000000088a00000|  0%| F|  |TAMS 0x0000000088900000, 0x0000000088900000| Untracked 
| 110|0x0000000088a00000, 0x0000000088a00000, 0x0000000088b00000|  0%| F|  |TAMS 0x0000000088a00000, 0x0000000088a00000| Untracked 
| 111|0x0000000088b00000, 0x0000000088b00000, 0x0000000088c00000|  0%| F|  |TAMS 0x0000000088b00000, 0x0000000088b00000| Untracked 
| 112|0x0000000088c00000, 0x0000000088c00000, 0x0000000088d00000|  0%| F|  |TAMS 0x0000000088c00000, 0x0000000088c00000| Untracked 
| 113|0x0000000088d00000, 0x0000000088d00000, 0x0000000088e00000|  0%| F|  |TAMS 0x0000000088d00000, 0x0000000088d00000| Untracked 
| 114|0x0000000088e00000, 0x0000000088e00000, 0x0000000088f00000|  0%| F|  |TAMS 0x0000000088e00000, 0x0000000088e00000| Untracked 
| 115|0x0000000088f00000, 0x0000000088f00000, 0x0000000089000000|  0%| F|  |TAMS 0x0000000088f00000, 0x0000000088f00000| Untracked 
| 116|0x0000000089000000, 0x0000000089000000, 0x0000000089100000|  0%| F|  |TAMS 0x0000000089000000, 0x0000000089000000| Untracked 
| 117|0x0000000089100000, 0x0000000089100000, 0x0000000089200000|  0%| F|  |TAMS 0x0000000089100000, 0x0000000089100000| Untracked 
| 118|0x0000000089200000, 0x0000000089200000, 0x0000000089300000|  0%| F|  |TAMS 0x0000000089200000, 0x0000000089200000| Untracked 
| 119|0x0000000089300000, 0x0000000089300000, 0x0000000089400000|  0%| F|  |TAMS 0x0000000089300000, 0x0000000089300000| Untracked 
| 120|0x0000000089400000, 0x0000000089400000, 0x0000000089500000|  0%| F|  |TAMS 0x0000000089400000, 0x0000000089400000| Untracked 
| 121|0x0000000089500000, 0x0000000089500000, 0x0000000089600000|  0%| F|  |TAMS 0x0000000089500000, 0x0000000089500000| Untracked 
| 122|0x0000000089600000, 0x0000000089643110, 0x0000000089700000| 26%| E|  |TAMS 0x0000000089600000, 0x0000000089600000| Complete 
| 123|0x0000000089700000, 0x0000000089800000, 0x0000000089800000|100%| E|CS|TAMS 0x0000000089700000, 0x0000000089700000| Complete 
| 124|0x0000000089800000, 0x0000000089900000, 0x0000000089900000|100%| E|CS|TAMS 0x0000000089800000, 0x0000000089800000| Complete 
| 125|0x0000000089900000, 0x0000000089a00000, 0x0000000089a00000|100%| E|CS|TAMS 0x0000000089900000, 0x0000000089900000| Complete 
| 126|0x0000000089a00000, 0x0000000089b00000, 0x0000000089b00000|100%| E|CS|TAMS 0x0000000089a00000, 0x0000000089a00000| Complete 
| 127|0x0000000089b00000, 0x0000000089c00000, 0x0000000089c00000|100%| E|CS|TAMS 0x0000000089b00000, 0x0000000089b00000| Complete 

Card table byte_map: [0x000001cec5e90000,0x000001cec6290000] _byte_map_base: 0x000001cec5a82000

Marking Bits (Prev, Next): (CMBitMap*) 0x000001ceaeb7ab20, (CMBitMap*) 0x000001ceaeb7ab60
 Prev Bits: [0x000001cec6690000, 0x000001cec8620000)
 Next Bits: [0x000001cec8620000, 0x000001ceca5b0000)

Polling page: 0x000001ceaca70000

Metaspace:

Usage:
  Non-class:      2.08 MB used.
      Class:    214.03 KB used.
       Both:      2.29 MB used.

Virtual space:
  Non-class space:       64.00 MB reserved,       2.12 MB (  3%) committed,  1 nodes.
      Class space:        1.00 GB reserved,     320.00 KB ( <1%) committed,  1 nodes.
             Both:        1.06 GB reserved,       2.44 MB ( <1%) committed. 

Chunk freelists:
   Non-Class:  3.98 MB
       Class:  3.74 MB
        Both:  7.72 MB

MaxMetaspaceSize: unlimited
CompressedClassSpaceSize: 1.00 GB
Initial GC threshold: 21.00 MB
Current GC threshold: 21.00 MB
CDS: on
MetaspaceReclaimPolicy: balanced
 - commit_granule_bytes: 65536.
 - commit_granule_words: 8192.
 - virtual_space_node_default_size: 8388608.
 - enlarge_chunks_in_place: 1.
 - new_chunks_are_fully_committed: 0.
 - uncommit_free_chunks: 1.
 - use_allocation_guard: 0.


Internal statistics:

num_allocs_failed_limit: 0.
num_arena_births: 14.
num_arena_deaths: 0.
num_vsnodes_births: 2.
num_vsnodes_deaths: 0.
num_space_committed: 39.
num_space_uncommitted: 0.
num_chunks_returned_to_freelist: 0.
num_chunks_taken_from_freelist: 16.
num_chunk_merges: 0.
num_chunk_splits: 9.
num_chunks_enlarged: 6.
num_inconsistent_stats: 0.

CodeHeap 'non-profiled nmethods': size=120000Kb used=102Kb max_used=102Kb free=119898Kb
 bounds [0x000001cebe560000, 0x000001cebe7d0000, 0x000001cec5a90000]
CodeHeap 'profiled nmethods': size=120000Kb used=587Kb max_used=587Kb free=119412Kb
 bounds [0x000001ceb6a90000, 0x000001ceb6d00000, 0x000001cebdfc0000]
CodeHeap 'non-nmethods': size=5760Kb used=1226Kb max_used=1240Kb free=4533Kb
 bounds [0x000001cebdfc0000, 0x000001cebe230000, 0x000001cebe560000]
 total_blobs=801 nmethods=372 adapters=340
 compilation: enabled
              stopped_count=0, restarted_count=0
 full_count=0

Compilation events (20 events):
Event: 0.527 Thread 0x000001cecca6acf0  363       3       java.util.regex.Pattern::has (15 bytes)
Event: 0.527 Thread 0x000001cecca6acf0 nmethod 363 0x000001ceb6b1fe10 code [0x000001ceb6b1ffa0, 0x000001ceb6b20118]
Event: 0.530 Thread 0x000001cecca6acf0  364       3       java.util.Optional::orElse (16 bytes)
Event: 0.530 Thread 0x000001cecca6acf0 nmethod 364 0x000001ceb6b20190 code [0x000001ceb6b20340, 0x000001ceb6b204b8]
Event: 0.530 Thread 0x000001cecca6acf0  365       3       java.util.Objects::requireNonNull (15 bytes)
Event: 0.531 Thread 0x000001cecca6acf0 nmethod 365 0x000001ceb6b20590 code [0x000001ceb6b20740, 0x000001ceb6b20928]
Event: 0.531 Thread 0x000001cecca6acf0  366       3       java.util.Arrays::copyOf (40 bytes)
Event: 0.531 Thread 0x000001cecca6acf0 nmethod 366 0x000001ceb6b20a10 code [0x000001ceb6b20c20, 0x000001ceb6b21308]
Event: 0.531 Thread 0x000001cecca6acf0  367       3       java.lang.Long::<init> (10 bytes)
Event: 0.531 Thread 0x000001cecca6acf0 nmethod 367 0x000001ceb6b21510 code [0x000001ceb6b216c0, 0x000001ceb6b21898]
Event: 0.532 Thread 0x000001cecca6acf0  368       3       java.util.HashMap$HashIterator::nextNode (100 bytes)
Event: 0.532 Thread 0x000001cecca6acf0 nmethod 368 0x000001ceb6b21990 code [0x000001ceb6b21b80, 0x000001ceb6b220b8]
Event: 0.532 Thread 0x000001cecca6acf0  371       3       java.util.HashMap$HashIterator::hasNext (13 bytes)
Event: 0.532 Thread 0x000001cecca6acf0 nmethod 371 0x000001ceb6b22290 code [0x000001ceb6b22420, 0x000001ceb6b22598]
Event: 0.532 Thread 0x000001cecca6acf0  369       3       java.util.HashMap$EntryIterator::next (5 bytes)
Event: 0.532 Thread 0x000001cecca6acf0 nmethod 369 0x000001ceb6b22610 code [0x000001ceb6b227c0, 0x000001ceb6b22948]
Event: 0.532 Thread 0x000001cecca6acf0  370       3       java.util.HashMap$EntryIterator::next (5 bytes)
Event: 0.533 Thread 0x000001cecca6acf0 nmethod 370 0x000001ceb6b22a10 code [0x000001ceb6b22bc0, 0x000001ceb6b22d08]
Event: 0.533 Thread 0x000001cecca6acf0  372       1       java.util.ArrayList::size (5 bytes)
Event: 0.533 Thread 0x000001cecca6acf0 nmethod 372 0x000001cebe579510 code [0x000001cebe5796a0, 0x000001cebe579758]

GC Heap History (0 events):
No events

Dll operation events (6 events):
Event: 0.017 Loaded shared library C:\Program Files\Java\jdk-19\bin\java.dll
Event: 0.028 Loaded shared library C:\Program Files\Java\jdk-19\bin\jsvml.dll
Event: 0.098 Loaded shared library C:\Program Files\Java\jdk-19\bin\net.dll
Event: 0.100 Loaded shared library C:\Program Files\Java\jdk-19\bin\nio.dll
Event: 0.105 Loaded shared library C:\Program Files\Java\jdk-19\bin\zip.dll
Event: 0.418 Loaded shared library C:\Program Files\Java\jdk-19\bin\jimage.dll

Deoptimization events (8 events):
Event: 0.181 Thread 0x000001ceaeb18a80 DEOPT PACKING pc=0x000001ceb6abac96 sp=0x0000002e5a9fc1f0
Event: 0.181 Thread 0x000001ceaeb18a80 DEOPT UNPACKING pc=0x000001cebe027543 sp=0x0000002e5a9fb6c8 mode 0
Event: 0.182 Thread 0x000001ceaeb18a80 DEOPT PACKING pc=0x000001ceb6ab4cd7 sp=0x0000002e5a9fc230
Event: 0.182 Thread 0x000001ceaeb18a80 DEOPT UNPACKING pc=0x000001cebe027543 sp=0x0000002e5a9fb6c8 mode 0
Event: 0.183 Thread 0x000001ceaeb18a80 DEOPT PACKING pc=0x000001ceb6ab4cd7 sp=0x0000002e5a9fc230
Event: 0.183 Thread 0x000001ceaeb18a80 DEOPT UNPACKING pc=0x000001cebe027543 sp=0x0000002e5a9fb6c8 mode 0
Event: 0.184 Thread 0x000001ceaeb18a80 DEOPT PACKING pc=0x000001ceb6ab4cd7 sp=0x0000002e5a9fc1b0
Event: 0.184 Thread 0x000001ceaeb18a80 DEOPT UNPACKING pc=0x000001cebe027543 sp=0x0000002e5a9fb630 mode 0

Classes loaded (20 events):
Event: 0.455 Loading class java/security/Timestamp
Event: 0.456 Loading class java/security/Timestamp done
Event: 0.516 Loading class sun/security/util/JarConstraintsParameters
Event: 0.516 Loading class sun/security/util/ConstraintsParameters
Event: 0.517 Loading class sun/security/util/ConstraintsParameters done
Event: 0.517 Loading class sun/security/util/JarConstraintsParameters done
Event: 0.522 Loading class java/security/cert/CertPathValidatorException
Event: 0.524 Loading class java/security/cert/CertPathValidatorException done
Event: 0.556 Loading class java/time/Instant$1
Event: 0.556 Loading class java/time/Instant$1 done
Event: 0.556 Loading class java/security/cert/CertPathValidatorException$BasicReason
Event: 0.556 Loading class java/security/cert/CertPathValidatorException$Reason
Event: 0.556 Loading class java/security/cert/CertPathValidatorException$Reason done
Event: 0.556 Loading class java/security/cert/CertPathValidatorException$BasicReason done
Event: 0.556 Loading class java/security/SignatureException
Event: 0.556 Loading class java/security/SignatureException done
Event: 0.556 Loading class java/security/cert/CertificateException
Event: 0.556 Loading class java/security/cert/CertificateException done
Event: 0.556 Loading class java/security/NoSuchAlgorithmException
Event: 0.556 Loading class java/security/NoSuchAlgorithmException done

Classes unloaded (0 events):
No events

Classes redefined (0 events):
No events

Internal exceptions (0 events):
No events

VM Operations (4 events):
Event: 0.110 Executing VM operation: HandshakeAllThreads
Event: 0.110 Executing VM operation: HandshakeAllThreads done
Event: 0.209 Executing VM operation: HandshakeAllThreads
Event: 0.209 Executing VM operation: HandshakeAllThreads done

Events (12 events):
Event: 0.029 Thread 0x000001ceaeb18a80 Thread added: 0x000001ceaeb18a80
Event: 0.053 Thread 0x000001cecca60660 Thread added: 0x000001cecca60660
Event: 0.053 Thread 0x000001cecca61450 Thread added: 0x000001cecca61450
Event: 0.053 Thread 0x000001cecca64150 Thread added: 0x000001cecca64150
Event: 0.053 Thread 0x000001cecca65a90 Thread added: 0x000001cecca65a90
Event: 0.053 Thread 0x000001cecca663c0 Thread added: 0x000001cecca663c0
Event: 0.054 Thread 0x000001cecca66cf0 Thread added: 0x000001cecca66cf0
Event: 0.054 Thread 0x000001cecca67950 Thread added: 0x000001cecca67950
Event: 0.056 Thread 0x000001cecca6acf0 Thread added: 0x000001cecca6acf0
Event: 0.057 Thread 0x000001cecca6ef60 Thread added: 0x000001cecca6ef60
Event: 0.091 Thread 0x000001ced0cbab40 Thread added: 0x000001ced0cbab40
Event: 0.094 Thread 0x000001ced0cc1500 Thread added: 0x000001ced0cc1500


Dynamic libraries:
0x00007ff779660000 - 0x00007ff779670000 	C:\Program Files\Java\jdk-19\bin\java.exe
0x00007ff94d210000 - 0x00007ff94d407000 	C:\Windows\SYSTEM32\ntdll.dll
0x00007ff94bcd0000 - 0x00007ff94bd8d000 	C:\Windows\System32\KERNEL32.DLL
0x00007ff94abe0000 - 0x00007ff94aed6000 	C:\Windows\System32\KERNELBASE.dll
0x00007ff94a8f0000 - 0x00007ff94a9f0000 	C:\Windows\System32\ucrtbase.dll
0x00007ff93d000000 - 0x00007ff93d018000 	C:\Program Files\Java\jdk-19\bin\jli.dll
0x00007ff94bd90000 - 0x00007ff94be3e000 	C:\Windows\System32\ADVAPI32.dll
0x00007ff94bc30000 - 0x00007ff94bcce000 	C:\Windows\System32\msvcrt.dll
0x00007ff94c8b0000 - 0x00007ff94c94c000 	C:\Windows\System32\sechost.dll
0x00007ff94c950000 - 0x00007ff94ca76000 	C:\Windows\System32\RPCRT4.dll
0x00007ff94b580000 - 0x00007ff94b71e000 	C:\Windows\System32\USER32.dll
0x00007ff94b240000 - 0x00007ff94b262000 	C:\Windows\System32\win32u.dll
0x00007ff94b4f0000 - 0x00007ff94b51c000 	C:\Windows\System32\GDI32.dll
0x00007ff94af10000 - 0x00007ff94b02a000 	C:\Windows\System32\gdi32full.dll
0x00007ff94b030000 - 0x00007ff94b0cd000 	C:\Windows\System32\msvcp_win.dll
0x00007ff938e40000 - 0x00007ff938e5b000 	C:\Program Files\Java\jdk-19\bin\VCRUNTIME140.dll
0x00007ff93d7c0000 - 0x00007ff93da5a000 	C:\Windows\WinSxS\amd64_microsoft.windows.common-controls_6595b64144ccf1df_6.0.19041.3570_none_60bb2a3971f3e41a\COMCTL32.dll
0x00007ff946310000 - 0x00007ff94631a000 	C:\Windows\SYSTEM32\VERSION.dll
0x00007ff94c6c0000 - 0x00007ff94c6f0000 	C:\Windows\System32\IMM32.DLL
0x00007ff93fb90000 - 0x00007ff93fb9c000 	C:\Program Files\Java\jdk-19\bin\vcruntime140_1.dll
0x00007ff8fb810000 - 0x00007ff8fb89e000 	C:\Program Files\Java\jdk-19\bin\msvcp140.dll
0x00007ff8f9dc0000 - 0x00007ff8faa80000 	C:\Program Files\Java\jdk-19\bin\server\jvm.dll
0x00007ff9442d0000 - 0x00007ff9442d9000 	C:\Windows\SYSTEM32\WSOCK32.dll
0x00007ff94ca80000 - 0x00007ff94caeb000 	C:\Windows\System32\WS2_32.dll
0x00007ff93d050000 - 0x00007ff93d077000 	C:\Windows\SYSTEM32\WINMM.dll
0x00007ff948790000 - 0x00007ff9487a2000 	C:\Windows\SYSTEM32\kernel.appcore.dll
0x00007ff93f0e0000 - 0x00007ff93f0ea000 	C:\Program Files\Java\jdk-19\bin\jimage.dll
0x00007ff944800000 - 0x00007ff9449e4000 	C:\Windows\SYSTEM32\DBGHELP.DLL
0x00007ff942c90000 - 0x00007ff942cc4000 	C:\Windows\SYSTEM32\dbgcore.DLL
0x00007ff94ab50000 - 0x00007ff94abd2000 	C:\Windows\System32\bcryptPrimitives.dll
0x00007ff929f70000 - 0x00007ff929f96000 	C:\Program Files\Java\jdk-19\bin\java.dll
0x00007ff8f9ce0000 - 0x00007ff8f9db7000 	C:\Program Files\Java\jdk-19\bin\jsvml.dll
0x00007ff94be40000 - 0x00007ff94c584000 	C:\Windows\System32\SHELL32.dll
0x00007ff948990000 - 0x00007ff94912b000 	C:\Windows\SYSTEM32\windows.storage.dll
0x00007ff94cda0000 - 0x00007ff94d0f4000 	C:\Windows\System32\combase.dll
0x00007ff94a330000 - 0x00007ff94a35d000 	C:\Windows\SYSTEM32\Wldp.dll
0x00007ff94b270000 - 0x00007ff94b31d000 	C:\Windows\System32\SHCORE.dll
0x00007ff94c5f0000 - 0x00007ff94c645000 	C:\Windows\System32\shlwapi.dll
0x00007ff94a820000 - 0x00007ff94a845000 	C:\Windows\SYSTEM32\profapi.dll
0x00007ff929f50000 - 0x00007ff929f63000 	C:\Program Files\Java\jdk-19\bin\net.dll
0x00007ff943370000 - 0x00007ff94347a000 	C:\Windows\SYSTEM32\WINHTTP.dll
0x00007ff94a090000 - 0x00007ff94a0fa000 	C:\Windows\system32\mswsock.dll
0x00007ff9277f0000 - 0x00007ff927806000 	C:\Program Files\Java\jdk-19\bin\nio.dll
0x00007ff92bf00000 - 0x00007ff92bf18000 	C:\Program Files\Java\jdk-19\bin\zip.dll

dbghelp: loaded successfully - version: 4.0.5 - missing functions: none
symbol engine: initialized successfully - sym options: 0x614 - pdb path: .;C:\Program Files\Java\jdk-19\bin;C:\Windows\SYSTEM32;C:\Windows\WinSxS\amd64_microsoft.windows.common-controls_6595b64144ccf1df_6.0.19041.3570_none_60bb2a3971f3e41a;C:\Program Files\Java\jdk-19\bin\server

VM Arguments:
jvm_args: -Dfile.encoding=utf8 
java_command: c:\Users\Administrator\.vscode\extensions\vscjava.vscode-gradle-3.13.0\lib\gradle-language-server.jar
java_class_path (initial): c:\Users\Administrator\.vscode\extensions\vscjava.vscode-gradle-3.13.0\lib\gradle-language-server.jar
Launcher Type: SUN_STANDARD

[Global flags]
     intx CICompilerCount                          = 3                                         {product} {ergonomic}
     uint ConcGCThreads                            = 1                                         {product} {ergonomic}
     uint G1ConcRefinementThreads                  = 4                                         {product} {ergonomic}
   size_t G1HeapRegionSize                         = 1048576                                   {product} {ergonomic}
    uintx GCDrainStackTargetSize                   = 64                                        {product} {ergonomic}
   size_t InitialHeapSize                          = 134217728                                 {product} {ergonomic}
   size_t MarkStackSize                            = 4194304                                   {product} {ergonomic}
   size_t MaxHeapSize                              = 2118123520                                {product} {ergonomic}
   size_t MaxNewSize                               = 1270874112                                {product} {ergonomic}
   size_t MinHeapDeltaBytes                        = 1048576                                   {product} {ergonomic}
   size_t MinHeapSize                              = 8388608                                   {product} {ergonomic}
    uintx NonNMethodCodeHeapSize                   = 5832780                                {pd product} {ergonomic}
    uintx NonProfiledCodeHeapSize                  = 122912730                              {pd product} {ergonomic}
    uintx ProfiledCodeHeapSize                     = 122912730                              {pd product} {ergonomic}
    uintx ReservedCodeCacheSize                    = 251658240                              {pd product} {ergonomic}
     bool SegmentedCodeCache                       = true                                      {product} {ergonomic}
   size_t SoftMaxHeapSize                          = 2118123520                             {manageable} {ergonomic}
     bool UseCompressedClassPointers               = true                           {product lp64_product} {ergonomic}
     bool UseCompressedOops                        = true                           {product lp64_product} {ergonomic}
     bool UseG1GC                                  = true                                      {product} {ergonomic}
     bool UseLargePagesIndividualAllocation        = false                                  {pd product} {ergonomic}

Logging:
Log output configuration:
 #0: stdout all=warning uptime,level,tags foldmultilines=false
 #1: stderr all=off uptime,level,tags foldmultilines=false

Environment Variables:
JAVA_HOME=C:\Program Files\Java\jdk-19
PATH=C:\Program Files (x86)\NVIDIA Corporation\PhysX\Common;C:\Program Files\Common Files\Oracle\Java\javapath;C:\Program Files (x86)\Common Files\Oracle\Java\javapath;C:\Windows\system32;C:\Windows;C:\Windows\System32\Wbem;C:\Windows\System32\WindowsPowerShell\v1.0\;C:\Windows\System32\OpenSSH\;C:\Program Files\Java\jdk-19\bin\;C:\Program Files\dotnet\;C:\Program Files\CMake\bin;C:\Program Files\Git\cmd;C:\Program Files\Gradle\gradle-8.3\bin;C:\Users\Administrator\AppData\Local\Microsoft\WindowsApps;C:\Users\Administrator\AppData\Local\Programs\Microsoft VS Code\bin;C:\Program Files\Gradle\gradle-8.3\bin;
USERNAME=Yacine
OS=Windows_NT
PROCESSOR_IDENTIFIER=Intel64 Family 6 Model 142 Stepping 9, GenuineIntel
TMP=C:\Users\ADMINI~1\AppData\Local\Temp
TEMP=C:\Users\ADMINI~1\AppData\Local\Temp



---------------  S Y S T E M  ---------------

OS:
 Windows 10 , 64 bit Build 19041 (10.0.19041.3570)
OS uptime: 0 days 3:35 hours

CPU: total 4 (initial active 4) (2 cores per cpu, 2 threads per core) family 6 model 142 stepping 9 microcode 0xb4, cx8, cmov, fxsr, ht, mmx, 3dnowpref, sse, sse2, sse3, ssse3, sse4.1, sse4.2, popcnt, lzcnt, tsc, tscinvbit, avx, avx2, aes, erms, clmul, bmi1, bmi2, adx, fma, vzeroupper, clflush, clflushopt, rdtscp

Memory: 4k page, system-wide physical 8073M (1703M free)
TotalPageFile size 8073M (AvailPageFile size 8M)
current process WorkingSet (physical memory assigned to process): 42M, peak: 42M
current process commit charge ("private bytes"): 207M, peak: 207M

vm_info: Java HotSpot(TM) 64-Bit Server VM (19.0.2+7-44) for windows-amd64 JRE (19.0.2+7-44), built on 2022-11-30T18:02:09Z by "mach5one" with MS VC++ 17.1 (VS2022)

END.
